<?xml version="1.0" encoding="UTF-8"?>
<!-- Generated by org.testng.reporters.JUnitReportReporter -->
<testsuite hostname="DESKTOP-52R8JAB" failures="0" tests="1" name="com.scripts.actitime.TestNgActitime" time="22.708" errors="0" timestamp="03 Jan 2021 17:35:49 GMT" skipped="0">
  <testcase classname="com.scripts.actitime.TestNgActitime" name="actitime" time="22.708"/>
</testsuite> <!-- com.scripts.actitime.TestNgActitime -->
